# JRE version: Java(TM) SE Runtime Environment (22.0.2+9) (build 22.0.2+9-70)
# Java VM: Java HotSpot(TM) 64-Bit Server VM (22.0.2+9-70, mixed mode, sharing, tiered, compressed oops, compressed class ptrs, g1 gc, windows-amd64)
GC Precious Log:
 CardTable entry size: 512
 Card Set container configuration: InlinePtr #cards 5 size 8 Array Of Cards #cards 12 size 40 Howl #buckets 4 coarsen threshold 1843 Howl Bitmap #cards 512 size 80 coarsen threshold 460 Card regions per heap region 1 cards per card region 2048
 CPUs: 12 total, 12 available
 Memory: 7514M
 Large Page Support: Disabled
 NUMA Support: Disabled
 Compressed Oops: Enabled (32-bit)
 Heap Region Size: 1M
 Heap Min Capacity: 8M
 Heap Initial Capacity: 118M
 Heap Max Capacity: 1880M
 Pre-touch: Disabled
 Parallel Workers: 10
 Concurrent Workers: 3
 Concurrent Refinement Workers: 10
 Periodic GC: Disabled
Heap:
 garbage-first heap   total reserved 1925120K, committed 89088K, used 51297K [0x000000008a800000, 0x0000000100000000)
  region size 1024K, 20 young (20480K), 1 survivors (1024K)
 Metaspace       used 80425K, committed 81152K, reserved 1179648K
  class space    used 10862K, committed 11200K, reserved 1048576K
GC Heap History (20 events):
Event: 864.407 GC heap before
{Heap before GC invocations=20 (full 0):
 garbage-first heap   total reserved 1925120K, committed 73728K, used 62901K [0x000000008a800000, 0x0000000100000000)
  region size 1024K, 32 young (32768K), 3 survivors (3072K)
 Metaspace       used 79831K, committed 80576K, reserved 1179648K
  class space    used 10861K, committed 11200K, reserved 1048576K
}
Event: 864.412 GC heap after
{Heap after GC invocations=21 (full 0):
 garbage-first heap   total reserved 1925120K, committed 73728K, used 34523K [0x000000008a800000, 0x0000000100000000)
  region size 1024K, 3 young (3072K), 3 survivors (3072K)
 Metaspace       used 79831K, committed 80576K, reserved 1179648K
  class space    used 10861K, committed 11200K, reserved 1048576K
}
Event: 864.767 GC heap before
{Heap before GC invocations=21 (full 0):
 garbage-first heap   total reserved 1925120K, committed 73728K, used 63195K [0x000000008a800000, 0x0000000100000000)
  region size 1024K, 32 young (32768K), 3 survivors (3072K)
 Metaspace       used 80323K, committed 81088K, reserved 1179648K
  class space    used 10861K, committed 11200K, reserved 1048576K
}
Event: 864.781 GC heap after
{Heap after GC invocations=22 (full 0):
 garbage-first heap   total reserved 1925120K, committed 73728K, used 34471K [0x000000008a800000, 0x0000000100000000)
  region size 1024K, 1 young (1024K), 1 survivors (1024K)
 Metaspace       used 80323K, committed 81088K, reserved 1179648K
  class space    used 10861K, committed 11200K, reserved 1048576K
}
Event: 865.157 GC heap before
{Heap before GC invocations=22 (full 0):
 garbage-first heap   total reserved 1925120K, committed 73728K, used 65191K [0x000000008a800000, 0x0000000100000000)
  region size 1024K, 32 young (32768K), 1 survivors (1024K)
 Metaspace       used 80368K, committed 81152K, reserved 1179648K
  class space    used 10861K, committed 11200K, reserved 1048576K
}
Event: 865.171 GC heap after
{Heap after GC invocations=23 (full 0):
 garbage-first heap   total reserved 1925120K, committed 73728K, used 34471K [0x000000008a800000, 0x0000000100000000)
  region size 1024K, 1 young (1024K), 1 survivors (1024K)
 Metaspace       used 80368K, committed 81152K, reserved 1179648K
  class space    used 10861K, committed 11200K, reserved 1048576K
}
Event: 865.708 GC heap before
{Heap before GC invocations=24 (full 0):
 garbage-first heap   total reserved 1925120K, committed 73728K, used 65191K [0x000000008a800000, 0x0000000100000000)
  region size 1024K, 32 young (32768K), 1 survivors (1024K)
 Metaspace       used 80375K, committed 81152K, reserved 1179648K
  class space    used 10861K, committed 11200K, reserved 1048576K
}
Event: 865.710 GC heap after
{Heap after GC invocations=25 (full 0):
 garbage-first heap   total reserved 1925120K, committed 73728K, used 34544K [0x000000008a800000, 0x0000000100000000)
  region size 1024K, 1 young (1024K), 1 survivors (1024K)
 Metaspace       used 80375K, committed 81152K, reserved 1179648K
  class space    used 10861K, committed 11200K, reserved 1048576K
}
Event: 866.105 GC heap before
{Heap before GC invocations=25 (full 0):
 garbage-first heap   total reserved 1925120K, committed 73728K, used 65264K [0x000000008a800000, 0x0000000100000000)
  region size 1024K, 32 young (32768K), 1 survivors (1024K)
 Metaspace       used 80390K, committed 81152K, reserved 1179648K
  class space    used 10861K, committed 11200K, reserved 1048576K
}
Event: 866.116 GC heap after
{Heap after GC invocations=26 (full 0):
 garbage-first heap   total reserved 1925120K, committed 73728K, used 33999K [0x000000008a800000, 0x0000000100000000)
  region size 1024K, 1 young (1024K), 1 survivors (1024K)
 Metaspace       used 80390K, committed 81152K, reserved 1179648K
  class space    used 10861K, committed 11200K, reserved 1048576K
}
Event: 866.585 GC heap before
{Heap before GC invocations=26 (full 0):
 garbage-first heap   total reserved 1925120K, committed 73728K, used 65743K [0x000000008a800000, 0x0000000100000000)
  region size 1024K, 33 young (33792K), 1 survivors (1024K)
 Metaspace       used 80418K, committed 81152K, reserved 1179648K
  class space    used 10861K, committed 11200K, reserved 1048576K
}
Event: 866.589 GC heap after
{Heap after GC invocations=27 (full 0):
 garbage-first heap   total reserved 1925120K, committed 89088K, used 34053K [0x000000008a800000, 0x0000000100000000)
  region size 1024K, 1 young (1024K), 1 survivors (1024K)
 Metaspace       used 80418K, committed 81152K, reserved 1179648K
  class space    used 10861K, committed 11200K, reserved 1048576K
}
Event: 867.216 GC heap before
{Heap before GC invocations=28 (full 0):
 garbage-first heap   total reserved 1925120K, committed 89088K, used 81157K [0x000000008a800000, 0x0000000100000000)
  region size 1024K, 48 young (49152K), 1 survivors (1024K)
 Metaspace       used 80418K, committed 81152K, reserved 1179648K
  class space    used 10861K, committed 11200K, reserved 1048576K
}
Event: 867.218 GC heap after
{Heap after GC invocations=29 (full 0):
 garbage-first heap   total reserved 1925120K, committed 89088K, used 34013K [0x000000008a800000, 0x0000000100000000)
  region size 1024K, 1 young (1024K), 1 survivors (1024K)
 Metaspace       used 80418K, committed 81152K, reserved 1179648K
  class space    used 10861K, committed 11200K, reserved 1048576K
}
Event: 867.717 GC heap before
{Heap before GC invocations=29 (full 0):
 garbage-first heap   total reserved 1925120K, committed 89088K, used 81117K [0x000000008a800000, 0x0000000100000000)
  region size 1024K, 48 young (49152K), 1 survivors (1024K)
 Metaspace       used 80418K, committed 81152K, reserved 1179648K
  class space    used 10861K, committed 11200K, reserved 1048576K
}
Event: 867.721 GC heap after
{Heap after GC invocations=30 (full 0):
 garbage-first heap   total reserved 1925120K, committed 89088K, used 33807K [0x000000008a800000, 0x0000000100000000)
  region size 1024K, 1 young (1024K), 1 survivors (1024K)
 Metaspace       used 80418K, committed 81152K, reserved 1179648K
  class space    used 10861K, committed 11200K, reserved 1048576K
}
Event: 868.284 GC heap before
{Heap before GC invocations=30 (full 0):
 garbage-first heap   total reserved 1925120K, committed 89088K, used 80911K [0x000000008a800000, 0x0000000100000000)
  region size 1024K, 48 young (49152K), 1 survivors (1024K)
 Metaspace       used 80418K, committed 81152K, reserved 1179648K
  class space    used 10861K, committed 11200K, reserved 1048576K
}
Event: 868.286 GC heap after
{Heap after GC invocations=31 (full 0):
 garbage-first heap   total reserved 1925120K, committed 89088K, used 33778K [0x000000008a800000, 0x0000000100000000)
  region size 1024K, 1 young (1024K), 1 survivors (1024K)
 Metaspace       used 80418K, committed 81152K, reserved 1179648K
  class space    used 10861K, committed 11200K, reserved 1048576K
}
Event: 868.942 GC heap before
{Heap before GC invocations=32 (full 0):
 garbage-first heap   total reserved 1925120K, committed 89088K, used 80882K [0x000000008a800000, 0x0000000100000000)
  region size 1024K, 48 young (49152K), 1 survivors (1024K)
 Metaspace       used 80425K, committed 81152K, reserved 1179648K
  class space    used 10862K, committed 11200K, reserved 1048576K
}
Event: 868.944 GC heap after
{Heap after GC invocations=33 (full 0):
 garbage-first heap   total reserved 1925120K, committed 89088K, used 33889K [0x000000008a800000, 0x0000000100000000)
  region size 1024K, 1 young (1024K), 1 survivors (1024K)
 Metaspace       used 80425K, committed 81152K, reserved 1179648K
  class space    used 10862K, committed 11200K, reserved 1048576K
}

